#
# There is insufficient memory for the Java Runtime Environment to continue.
# Native memory allocation (mmap) failed to map 268435456 bytes for Failed to commit area from 0x0000000701c00000 to 0x0000000711c00000 of length 268435456.
# Possible reasons:
#   The system is out of physical RAM or swap space
#   The process is running with CompressedOops enabled, and the Java Heap may be blocking the growth of the native heap
# Possible solutions:
#   Reduce memory load on the system
#   Increase physical memory or swap space
#   Check if swap backing store is full
#   Decrease Java heap size (-Xmx/-Xms)
#   Decrease number of Java threads
#   Decrease Java thread stack sizes (-Xss)
#   Set larger code cache with -XX:ReservedCodeCacheSize=
#   JVM is running with Zero Based Compressed Oops mode in which the Java heap is
#     placed in the first 32GB address space. The Java Heap base address is the
#     maximum limit for the native heap growth. Please use -XX:HeapBaseMinAddress
#     to set the Java Heap base and to place the Java Heap above 32GB virtual address.
# This output file may be truncated or incomplete.
#
#  Out of Memory Error (./open/src/hotspot/os/windows/os_windows.cpp:3315), pid=10112, tid=8140
#
# JRE version:  (14.0.2+12) (build )
# Java VM: Java HotSpot(TM) 64-Bit Server VM (14.0.2+12-46, mixed mode, sharing, tiered, compressed oops, g1 gc, windows-amd64)
# No core dump will be written. Minidumps are not enabled by default on client versions of Windows
#

---------------  S U M M A R Y ------------

Command Line: -Dfile.encoding=Cp1252 -XX:+ShowCodeDetailsInExceptionMessages GraphData

Host: Intel(R) Core(TM) i7-7700HQ CPU @ 2.80GHz, 8 cores, 15G,  Windows 10 , 64 bit Build 18362 (10.0.18362.778)
Time: Tue Jan  5 20:39:23 2021 ora solare Europa occidentale elapsed time: 0 seconds (0d 0h 0m 0s)

---------------  T H R E A D  ---------------

Current thread (0x0000020fc8b7f000):  JavaThread "Unknown thread" [_thread_in_vm, id=8140, stack(0x000000c466300000,0x000000c466400000)]

Stack: [0x000000c466300000,0x000000c466400000]
Native frames: (J=compiled Java code, j=interpreted, Vv=VM code, C=native code)
V  [jvm.dll+0x5f8a9a]
V  [jvm.dll+0x74247a]
V  [jvm.dll+0x743c2f]
V  [jvm.dll+0x744273]
V  [jvm.dll+0x20d288]
V  [jvm.dll+0x5f5dea]
V  [jvm.dll+0x5eac45]
V  [jvm.dll+0x2c7e9c]
V  [jvm.dll+0x2c7cd2]
V  [jvm.dll+0x2cdbbc]
V  [jvm.dll+0x313fe8]
V  [jvm.dll+0x313710]
V  [jvm.dll+0x2a092a]
V  [jvm.dll+0x2a1a79]
V  [jvm.dll+0x71fd48]
V  [jvm.dll+0x321c14]
V  [jvm.dll+0x70112c]
V  [jvm.dll+0x392def]
V  [jvm.dll+0x394e61]
C  [jli.dll+0x524b]
C  [ucrtbase.dll+0x20e82]
C  [KERNEL32.DLL+0x17bd4]
C  [ntdll.dll+0x6ce51]


---------------  P R O C E S S  ---------------

Threads class SMR info:
_java_thread_list=0x00007fff8b013038, length=0, elements={
}

Java Threads: ( => current thread )

Other Threads:
  0x0000020fc8be7800 GCTaskThread "GC Thread#0" [stack: 0x000000c466400000,0x000000c466500000] [id=9744]
  0x0000020fc8c0a800 ConcurrentGCThread "G1 Main Marker" [stack: 0x000000c466500000,0x000000c466600000] [id=16604]
  0x0000020fc8c0c800 ConcurrentGCThread "G1 Conc#0" [stack: 0x000000c466600000,0x000000c466700000] [id=15676]

[error occurred during error reporting (printing all threads), id 0xc0000005, EXCEPTION_ACCESS_VIOLATION (0xc0000005) at pc=0x00007fff8a841257]

VM state:not at safepoint (not fully initialized)

VM Mutex/Monitor currently owned by a thread:  ([mutex/lock_event])
[0x0000020fc8b7b430] Heap_lock - owner thread: 0x0000020fc8b7f000

Heap address: 0x0000000701c00000, size: 4068 MB, Compressed Oops mode: Zero based, Oop shift amount: 3
Narrow klass base: 0x0000000000000000, Narrow klass shift: 0

GC Heap History (0 events):
No events

Deoptimization events (0 events):
No events

Classes unloaded (0 events):
No events

Classes redefined (0 events):
No events

Internal exceptions (0 events):
No events

Events (2 events):
Event: 0.023 Loaded shared library C:\Program Files\Java\jdk-14.0.2\bin\java.dll
Event: 0.025 Loaded shared library C:\Program Files\Java\jdk-14.0.2\bin\zip.dll


Dynamic libraries:
0x00007ff6af850000 - 0x00007ff6af85f000 	C:\Program Files\Java\jdk-14.0.2\bin\javaw.exe
0x00007fffde140000 - 0x00007fffde330000 	C:\WINDOWS\SYSTEM32\ntdll.dll
0x00007fffdcc60000 - 0x00007fffdcd12000 	C:\WINDOWS\System32\KERNEL32.DLL
0x00007fffdb420000 - 0x00007fffdb6c4000 	C:\WINDOWS\System32\KERNELBASE.dll
0x00007fffdb780000 - 0x00007fffdb87a000 	C:\WINDOWS\System32\ucrtbase.dll
0x00007fffa9be0000 - 0x00007fffa9bf8000 	C:\Program Files\Java\jdk-14.0.2\bin\jli.dll
0x00007fffa97b0000 - 0x00007fffa97c5000 	C:\Program Files\Java\jdk-14.0.2\bin\VCRUNTIME140.dll
0x00007fffdcdb0000 - 0x00007fffdce53000 	C:\WINDOWS\System32\ADVAPI32.dll
0x00007fffdd240000 - 0x00007fffdd2de000 	C:\WINDOWS\System32\msvcrt.dll
0x00007fffdd970000 - 0x00007fffdda07000 	C:\WINDOWS\System32\sechost.dll
0x00007fffdce60000 - 0x00007fffdcf80000 	C:\WINDOWS\System32\RPCRT4.dll
0x00007fffdc470000 - 0x00007fffdc604000 	C:\WINDOWS\System32\USER32.dll
0x00007fffdb8a0000 - 0x00007fffdb8c1000 	C:\WINDOWS\System32\win32u.dll
0x00007fffcd460000 - 0x00007fffcd6e4000 	C:\WINDOWS\WinSxS\amd64_microsoft.windows.common-controls_6595b64144ccf1df_6.0.18362.836_none_e6c4b943130f18ed\COMCTL32.dll
0x00007fffdd0c0000 - 0x00007fffdd0e6000 	C:\WINDOWS\System32\GDI32.dll
0x00007fffdb170000 - 0x00007fffdb304000 	C:\WINDOWS\System32\gdi32full.dll
0x00007fffdd360000 - 0x00007fffdd696000 	C:\WINDOWS\System32\combase.dll
0x00007fffdb0d0000 - 0x00007fffdb16e000 	C:\WINDOWS\System32\msvcp_win.dll
0x00007fffdb310000 - 0x00007fffdb390000 	C:\WINDOWS\System32\bcryptPrimitives.dll
0x00007fffd4ff0000 - 0x00007fffd4ffa000 	C:\WINDOWS\SYSTEM32\VERSION.dll
0x00007fffdd810000 - 0x00007fffdd83e000 	C:\WINDOWS\System32\IMM32.DLL
0x00007fff9d830000 - 0x00007fff9d8cb000 	C:\Program Files\Java\jdk-14.0.2\bin\msvcp140.dll
0x00007fff8a590000 - 0x00007fff8b0ae000 	C:\Program Files\Java\jdk-14.0.2\bin\server\jvm.dll
0x00007fffdc7d0000 - 0x00007fffdc7d8000 	C:\WINDOWS\System32\PSAPI.DLL
0x00007fffd7280000 - 0x00007fffd72a4000 	C:\WINDOWS\SYSTEM32\WINMM.dll
0x00007fffc33d0000 - 0x00007fffc33d9000 	C:\WINDOWS\SYSTEM32\WSOCK32.dll
0x00007fffdd1c0000 - 0x00007fffdd22f000 	C:\WINDOWS\System32\WS2_32.dll
0x00007fffd7250000 - 0x00007fffd727d000 	C:\WINDOWS\SYSTEM32\WINMMBASE.dll
0x00007fffdc1a0000 - 0x00007fffdc1ea000 	C:\WINDOWS\System32\cfgmgr32.dll
0x00007fffdb010000 - 0x00007fffdb021000 	C:\WINDOWS\System32\kernel.appcore.dll
0x00007fffc1fd0000 - 0x00007fffc1fda000 	C:\Program Files\Java\jdk-14.0.2\bin\jimage.dll
0x00007fffd9920000 - 0x00007fffd9b14000 	C:\WINDOWS\SYSTEM32\DBGHELP.DLL
0x00007fffc2540000 - 0x00007fffc256a000 	C:\WINDOWS\SYSTEM32\dbgcore.DLL
0x00007fffaa5d0000 - 0x00007fffaa5f5000 	C:\Program Files\Java\jdk-14.0.2\bin\java.dll
0x00007fffbf860000 - 0x00007fffbf876000 	C:\Program Files\Java\jdk-14.0.2\bin\zip.dll

dbghelp: loaded successfully - version: 4.0.5 - missing functions: none
symbol engine: initialized successfully - sym options: 0x614 - pdb path: .;C:\Program Files\Java\jdk-14.0.2\bin;C:\WINDOWS\SYSTEM32;C:\WINDOWS\WinSxS\amd64_microsoft.windows.common-controls_6595b64144ccf1df_6.0.18362.836_none_e6c4b943130f18ed;C:\Program Files\Java\jdk-14.0.2\bin\server

VM Arguments:
jvm_args: -Dfile.encoding=Cp1252 -XX:+ShowCodeDetailsInExceptionMessages 
java_command: GraphData
java_class_path (initial): D:\Lorenzo\Universita\Sistemi_Embedded\Pisano_SEIOT_Terzo_Progetto\SmartDam\src\dam_dashboard\bin;C:\Users\loren\Downloads\java-json.jar\java-json.jar;D:\Lorenzo\Universita\Sistemi_Embedded\Castelli_Pisano_SEIOT_Secondo_Progetto\src\java\lib\jfreechart-1.0.19\lib\jfreechart-1.0.19.jar;D:\Lorenzo\Universita\Sistemi_Embedded\Castelli_Pisano_SEIOT_Secondo_Progetto\src\java\lib\jfreechart-1.0.19\lib\jcommon-1.0.23.jar;D:\Lorenzo\Universita\Sistemi_Embedded\Castelli_Pisano_SEIOT_Secondo_Progetto\src\java\lib\jfreechart-1.0.19\lib\jfreesvg-2.0.jar;D:\Lorenzo\Universita\Sistemi_Embedded\Castelli_Pisano_SEIOT_Secondo_Progetto\src\java\lib\jfreechart-1.0.19\lib\orsoncharts-1.4-eval-nofx.jar;D:\Lorenzo\Universita\Sistemi_Embedded\Castelli_Pisano_SEIOT_Secondo_Progetto\src\java\lib\jfreechart-1.0.19\lib\orsonpdf-1.6-eval.jar;D:\Lorenzo\Universita\Sistemi_Embedded\Castelli_Pisano_SEIOT_Secondo_Progetto\src\java\lib\jfreechart-1.0.19\lib\jfreechart-1.0.19-experimental.jar;D:\Lorenzo\Universita\Sistemi_Embedded\Castelli_Pisano_SEIOT_Secondo_Progetto\src\java\lib\jfreechart-1.0.19\jfreechart-1.0.19-demo.jar;D:\Lorenzo\Universita\Sistemi_Embedded\Castelli_Pisano_SEIOT_Secondo_Progetto\src\java\lib\jssc.jar
Launcher Type: SUN_STANDARD

[Global flags]
     intx CICompilerCount                          = 4                                         {product} {ergonomic}
     uint ConcGCThreads                            = 2                                         {product} {ergonomic}
     uint G1ConcRefinementThreads                  = 8                                         {product} {ergonomic}
   size_t G1HeapRegionSize                         = 1048576                                   {product} {ergonomic}
    uintx GCDrainStackTargetSize                   = 64                                        {product} {ergonomic}
   size_t InitialHeapSize                          = 268435456                                 {product} {ergonomic}
   size_t MarkStackSize                            = 4194304                                   {product} {ergonomic}
   size_t MaxHeapSize                              = 4265607168                                {product} {ergonomic}
   size_t MinHeapDeltaBytes                        = 1048576                                   {product} {ergonomic}
   size_t MinHeapSize                              = 8388608                                   {product} {ergonomic}
    uintx NonNMethodCodeHeapSize                   = 5839372                                {pd product} {ergonomic}
    uintx NonProfiledCodeHeapSize                  = 122909434                              {pd product} {ergonomic}
    uintx ProfiledCodeHeapSize                     = 122909434                              {pd product} {ergonomic}
    uintx ReservedCodeCacheSize                    = 251658240                              {pd product} {ergonomic}
     bool SegmentedCodeCache                       = true                                      {product} {ergonomic}
     bool ShowCodeDetailsInExceptionMessages       = true                                   {manageable} {command line}
   size_t SoftMaxHeapSize                          = 4265607168                             {manageable} {ergonomic}
     bool UseCompressedClassPointers               = true                                 {lp64_product} {ergonomic}
     bool UseCompressedOops                        = true                                 {lp64_product} {ergonomic}
     bool UseG1GC                                  = true                                      {product} {ergonomic}
     bool UseLargePagesIndividualAllocation        = false                                  {pd product} {ergonomic}

Logging:
Log output configuration:
 #0: stdout all=warning uptime,level,tags
 #1: stderr all=off uptime,level,tags

Environment Variables:
JAVA_HOME=C:\Program Files\Java\jdk-14.0.2
PATH=C:/Program Files/Java/jdk-14.0.2/bin/server;C:/Program Files/Java/jdk-14.0.2/bin;C:\Program Files (x86)\Common Files\Oracle\Java\javapath;C:\Program Files\Java\jdk-14.0.2\bin;C:\Program Files (x86)\Intel\iCLS Client\;C:\Program Files\Intel\iCLS Client\;C:\windows\system32;C:\windows;C:\windows\System32\Wbem;C:\windows\System32\WindowsPowerShell\v1.0\;C:\Program Files (x86)\Intel\Intel(R) Management Engine Components\DAL;C:\Program Files\Intel\Intel(R) Management Engine Components\DAL;C:\Program Files (x86)\Intel\Intel(R) Management Engine Components\IPT;C:\Program Files\Intel\Intel(R) Management Engine Components\IPT;C:\Program Files (x86)\NVIDIA Corporation\PhysX\Common;C:\Program Files\Intel\WiFi\bin\;C:\Program Files\Common Files\Intel\WirelessCommon\;C:\WINDOWS\system32;C:\WINDOWS;C:\WINDOWS\System32\Wbem;C:\WINDOWS\System32\WindowsPowerShell\v1.0\;C:\WINDOWS\System32\OpenSSH\;D:\Git\cmd;D:\Brackets\command;D:\Jolie;C:\Program Files (x86)\apache-maven-3.6.3-bin\bin;C:\Users\loren\AppData\Local\Programs\Python\Python39\Scripts\;C:\Users\loren\AppData\Local\Programs\Python\Python39\;C:\Users\loren\AppData\Local\Microsoft\WindowsApps;D:\MiKTeX\miktex\bin\x64\;D:\Microsoft VS Code\bin;C:\Program Files\Java\jdk-14.0.1\bin;;C:\Users\loren\Desktop;
USERNAME=loren
OS=Windows_NT
PROCESSOR_IDENTIFIER=Intel64 Family 6 Model 158 Stepping 9, GenuineIntel



---------------  S Y S T E M  ---------------

OS: Windows 10 , 64 bit Build 18362 (10.0.18362.778)
OS uptime: 1 days 12:49 hours

CPU:total 8 (initial active 8) (4 cores per cpu, 2 threads per core) family 6 model 158 stepping 9, cmov, cx8, fxsr, mmx, sse, sse2, sse3, ssse3, sse4.1, sse4.2, popcnt, avx, avx2, aes, clmul, erms, 3dnowpref, lzcnt, ht, tsc, tscinvbit, bmi1, bmi2, adx, fma

Memory: 4k page, system-wide physical 16269M (6180M free)
TotalPageFile size 24130M (AvailPageFile size 42M)
current process WorkingSet (physical memory assigned to process): 10M, peak: 10M
current process commit charge ("private bytes"): 61M, peak: 317M

vm_info: Java HotSpot(TM) 64-Bit Server VM (14.0.2+12-46) for windows-amd64 JRE (14.0.2+12-46), built on Jul  9 2020 00:35:52 by "mach5one" with MS VC++ 15.9 (VS2017)

END.
